# JRE version: OpenJDK Runtime Environment (8.0_242-b01) (build 1.8.0_242-release-1644-b01)
# Java VM: OpenJDK 64-Bit Server VM (25.242-b01 mixed mode windows-amd64 compressed oops)
Heap:
 PSYoungGen      total 212480K, used 25929K [0x00000000d5580000, 0x00000000e7000000, 0x0000000100000000)
  eden space 198656K, 6% used [0x00000000d5580000,0x00000000d61550d0,0x00000000e1780000)
  from space 13824K, 99% used [0x00000000e1780000,0x00000000e24fd3d0,0x00000000e2500000)
  to   space 15872K, 0% used [0x00000000e6080000,0x00000000e6080000,0x00000000e7000000)
 ParOldGen       total 82944K, used 16218K [0x0000000080000000, 0x0000000085100000, 0x00000000d5580000)
  object space 82944K, 19% used [0x0000000080000000,0x0000000080fd6bc8,0x0000000085100000)
 Metaspace       used 44517K, capacity 46328K, committed 46680K, reserved 1089536K
  class space    used 6027K, capacity 6416K, committed 6528K, reserved 1048576K
GC Heap History (10 events):
Event: 2.845 GC heap before
{Heap before GC invocations=7 (full 1):
 PSYoungGen      total 133120K, used 6118K [0x00000000d5580000, 0x00000000de280000, 0x0000000100000000)
  eden space 122880K, 0% used [0x00000000d5580000,0x00000000d5580000,0x00000000dcd80000)
  from space 10240K, 59% used [0x00000000dd880000,0x00000000dde79bd8,0x00000000de280000)
  to   space 10752K, 0% used [0x00000000dcd80000,0x00000000dcd80000,0x00000000dd800000)
 ParOldGen       total 80896K, used 9752K [0x0000000080000000, 0x0000000084f00000, 0x00000000d5580000)
  object space 80896K, 12% used [0x0000000080000000,0x0000000080986370,0x0000000084f00000)
 Metaspace       used 20540K, capacity 21204K, committed 21248K, reserved 1067008K
  class space    used 2862K, capacity 3048K, committed 3072K, reserved 1048576K
Event: 2.876 GC heap after
Heap after GC invocations=7 (full 1):
 PSYoungGen      total 133120K, used 0K [0x00000000d5580000, 0x00000000de280000, 0x0000000100000000)
  eden space 122880K, 0% used [0x00000000d5580000,0x00000000d5580000,0x00000000dcd80000)
  from space 10240K, 0% used [0x00000000dd880000,0x00000000dd880000,0x00000000de280000)
  to   space 10752K, 0% used [0x00000000dcd80000,0x00000000dcd80000,0x00000000dd800000)
 ParOldGen       total 55808K, used 8036K [0x0000000080000000, 0x0000000083680000, 0x00000000d5580000)
  object space 55808K, 14% used [0x0000000080000000,0x00000000807d9308,0x0000000083680000)
 Metaspace       used 20540K, capacity 21204K, committed 21248K, reserved 1067008K
  class space    used 2862K, capacity 3048K, committed 3072K, reserved 1048576K
}
Event: 4.115 GC heap before
{Heap before GC invocations=8 (full 1):
 PSYoungGen      total 133120K, used 122880K [0x00000000d5580000, 0x00000000de280000, 0x0000000100000000)
  eden space 122880K, 100% used [0x00000000d5580000,0x00000000dcd80000,0x00000000dcd80000)
  from space 10240K, 0% used [0x00000000dd880000,0x00000000dd880000,0x00000000de280000)
  to   space 10752K, 0% used [0x00000000dcd80000,0x00000000dcd80000,0x00000000dd800000)
 ParOldGen       total 55808K, used 8036K [0x0000000080000000, 0x0000000083680000, 0x00000000d5580000)
  object space 55808K, 14% used [0x0000000080000000,0x00000000807d9308,0x0000000083680000)
 Metaspace       used 32642K, capacity 33712K, committed 33920K, reserved 1079296K
  class space    used 4447K, capacity 4721K, committed 4736K, reserved 1048576K
Event: 4.127 GC heap after
Heap after GC invocations=8 (full 1):
 PSYoungGen      total 133632K, used 10721K [0x00000000d5580000, 0x00000000e3280000, 0x0000000100000000)
  eden space 122880K, 0% used [0x00000000d5580000,0x00000000d5580000,0x00000000dcd80000)
  from space 10752K, 99% used [0x00000000dcd80000,0x00000000dd7f8770,0x00000000dd800000)
  to   space 13824K, 0% used [0x00000000e2500000,0x00000000e2500000,0x00000000e3280000)
 ParOldGen       total 55808K, used 10866K [0x0000000080000000, 0x0000000083680000, 0x00000000d5580000)
  object space 55808K, 19% used [0x0000000080000000,0x0000000080a9cae8,0x0000000083680000)
 Metaspace       used 32642K, capacity 33712K, committed 33920K, reserved 1079296K
  class space    used 4447K, capacity 4721K, committed 4736K, reserved 1048576K
}
Event: 4.400 GC heap before
{Heap before GC invocations=9 (full 1):
 PSYoungGen      total 133632K, used 54456K [0x00000000d5580000, 0x00000000e3280000, 0x0000000100000000)
  eden space 122880K, 35% used [0x00000000d5580000,0x00000000d8035a70,0x00000000dcd80000)
  from space 10752K, 99% used [0x00000000dcd80000,0x00000000dd7f8770,0x00000000dd800000)
  to   space 13824K, 0% used [0x00000000e2500000,0x00000000e2500000,0x00000000e3280000)
 ParOldGen       total 55808K, used 10866K [0x0000000080000000, 0x0000000083680000, 0x00000000d5580000)
  object space 55808K, 19% used [0x0000000080000000,0x0000000080a9cae8,0x0000000083680000)
 Metaspace       used 34239K, capacity 35392K, committed 35416K, reserved 1079296K
  class space    used 4712K, capacity 4973K, committed 4992K, reserved 1048576K
Event: 4.410 GC heap after
Heap after GC invocations=9 (full 1):
 PSYoungGen      total 212480K, used 8887K [0x00000000d5580000, 0x00000000e3900000, 0x0000000100000000)
  eden space 198656K, 0% used [0x00000000d5580000,0x00000000d5580000,0x00000000e1780000)
  from space 13824K, 64% used [0x00000000e2500000,0x00000000e2dadde8,0x00000000e3280000)
  to   space 13824K, 0% used [0x00000000e1780000,0x00000000e1780000,0x00000000e2500000)
 ParOldGen       total 55808K, used 10874K [0x0000000080000000, 0x0000000083680000, 0x00000000d5580000)
  object space 55808K, 19% used [0x0000000080000000,0x0000000080a9eae8,0x0000000083680000)
 Metaspace       used 34239K, capacity 35392K, committed 35416K, reserved 1079296K
  class space    used 4712K, capacity 4973K, committed 4992K, reserved 1048576K
}
Event: 4.410 GC heap before
{Heap before GC invocations=10 (full 2):
 PSYoungGen      total 212480K, used 8887K [0x00000000d5580000, 0x00000000e3900000, 0x0000000100000000)
  eden space 198656K, 0% used [0x00000000d5580000,0x00000000d5580000,0x00000000e1780000)
  from space 13824K, 64% used [0x00000000e2500000,0x00000000e2dadde8,0x00000000e3280000)
  to   space 13824K, 0% used [0x00000000e1780000,0x00000000e1780000,0x00000000e2500000)
 ParOldGen       total 55808K, used 10874K [0x0000000080000000, 0x0000000083680000, 0x00000000d5580000)
  object space 55808K, 19% used [0x0000000080000000,0x0000000080a9eae8,0x0000000083680000)
 Metaspace       used 34239K, capacity 35392K, committed 35416K, reserved 1079296K
  class space    used 4712K, capacity 4973K, committed 4992K, reserved 1048576K
Event: 4.450 GC heap after
Heap after GC invocations=10 (full 2):
 PSYoungGen      total 212480K, used 0K [0x00000000d5580000, 0x00000000e3900000, 0x0000000100000000)
  eden space 198656K, 0% used [0x00000000d5580000,0x00000000d5580000,0x00000000e1780000)
  from space 13824K, 0% used [0x00000000e2500000,0x00000000e2500000,0x00000000e3280000)
  to   space 13824K, 0% used [0x00000000e1780000,0x00000000e1780000,0x00000000e2500000)
 ParOldGen       total 82944K, used 15524K [0x0000000080000000, 0x0000000085100000, 0x00000000d5580000)
  object space 82944K, 18% used [0x0000000080000000,0x0000000080f29278,0x0000000085100000)
 Metaspace       used 34239K, capacity 35392K, committed 35416K, reserved 1079296K
  class space    used 4712K, capacity 4973K, committed 4992K, reserved 1048576K
}
Event: 6.232 GC heap before
{Heap before GC invocations=11 (full 2):
 PSYoungGen      total 212480K, used 198656K [0x00000000d5580000, 0x00000000e3900000, 0x0000000100000000)
  eden space 198656K, 100% used [0x00000000d5580000,0x00000000e1780000,0x00000000e1780000)
  from space 13824K, 0% used [0x00000000e2500000,0x00000000e2500000,0x00000000e3280000)
  to   space 13824K, 0% used [0x00000000e1780000,0x00000000e1780000,0x00000000e2500000)
 ParOldGen       total 82944K, used 15524K [0x0000000080000000, 0x0000000085100000, 0x00000000d5580000)
  object space 82944K, 18% used [0x0000000080000000,0x0000000080f29278,0x0000000085100000)
 Metaspace       used 43650K, capacity 45444K, committed 45784K, reserved 1089536K
  class space    used 5894K, capacity 6278K, committed 6400K, reserved 1048576K
Event: 6.244 GC heap after
Heap after GC invocations=11 (full 2):
 PSYoungGen      total 212480K, used 13812K [0x00000000d5580000, 0x00000000e7000000, 0x0000000100000000)
  eden space 198656K, 0% used [0x00000000d5580000,0x00000000d5580000,0x00000000e1780000)
  from space 13824K, 99% used [0x00000000e1780000,0x00000000e24fd3d0,0x00000000e2500000)
  to   space 15872K, 0% used [0x00000000e6080000,0x00000000e6080000,0x00000000e7000000)
 ParOldGen       total 82944K, used 16218K [0x0000000080000000, 0x0000000085100000, 0x00000000d5580000)
  object space 82944K, 19% used [0x0000000080000000,0x0000000080fd6bc8,0x0000000085100000)
 Metaspace       used 43650K, capacity 45444K, committed 45784K, reserved 1089536K
  class space    used 5894K, capacity 6278K, committed 6400K, reserved 1048576K
}

