# JRE version: OpenJDK Runtime Environment (8.0_242-b01) (build 1.8.0_242-release-1644-b01)
# Java VM: OpenJDK 64-Bit Server VM (25.242-b01 mixed mode windows-amd64 compressed oops)
Heap:
 PSYoungGen      total 65024K, used 6137K [0x00000000d5580000, 0x00000000d9a80000, 0x0000000100000000)
  eden space 60416K, 2% used [0x00000000d5580000,0x00000000d5700070,0x00000000d9080000)
  from space 4608K, 99% used [0x00000000d9600000,0x00000000d9a7e640,0x00000000d9a80000)
  to   space 4608K, 0% used [0x00000000d9080000,0x00000000d9080000,0x00000000d9500000)
 ParOldGen       total 80896K, used 6094K [0x0000000080000000, 0x0000000084f00000, 0x00000000d5580000)
  object space 80896K, 7% used [0x0000000080000000,0x00000000805f3b00,0x0000000084f00000)
 Metaspace       used 16755K, capacity 17416K, committed 17664K, reserved 1064960K
  class space    used 2241K, capacity 2436K, committed 2560K, reserved 1048576K
GC Heap History (8 events):
Event: 0.987 GC heap before
{Heap before GC invocations=1 (full 0):
 PSYoungGen      total 35328K, used 30720K [0x00000000d5580000, 0x00000000d7c80000, 0x0000000100000000)
  eden space 30720K, 100% used [0x00000000d5580000,0x00000000d7380000,0x00000000d7380000)
  from space 4608K, 0% used [0x00000000d7800000,0x00000000d7800000,0x00000000d7c80000)
  to   space 4608K, 0% used [0x00000000d7380000,0x00000000d7380000,0x00000000d7800000)
 ParOldGen       total 80896K, used 0K [0x0000000080000000, 0x0000000084f00000, 0x00000000d5580000)
  object space 80896K, 0% used [0x0000000080000000,0x0000000080000000,0x0000000084f00000)
 Metaspace       used 7558K, capacity 7914K, committed 8064K, reserved 1056768K
  class space    used 935K, capacity 1041K, committed 1152K, reserved 1048576K
Event: 0.999 GC heap after
Heap after GC invocations=1 (full 0):
 PSYoungGen      total 35328K, used 4592K [0x00000000d5580000, 0x00000000d9a80000, 0x0000000100000000)
  eden space 30720K, 0% used [0x00000000d5580000,0x00000000d5580000,0x00000000d7380000)
  from space 4608K, 99% used [0x00000000d7380000,0x00000000d77fc360,0x00000000d7800000)
  to   space 4608K, 0% used [0x00000000d9600000,0x00000000d9600000,0x00000000d9a80000)
 ParOldGen       total 80896K, used 131K [0x0000000080000000, 0x0000000084f00000, 0x00000000d5580000)
  object space 80896K, 0% used [0x0000000080000000,0x0000000080020cb8,0x0000000084f00000)
 Metaspace       used 7558K, capacity 7914K, committed 8064K, reserved 1056768K
  class space    used 935K, capacity 1041K, committed 1152K, reserved 1048576K
}
Event: 1.420 GC heap before
{Heap before GC invocations=2 (full 0):
 PSYoungGen      total 35328K, used 35312K [0x00000000d5580000, 0x00000000d9a80000, 0x0000000100000000)
  eden space 30720K, 100% used [0x00000000d5580000,0x00000000d7380000,0x00000000d7380000)
  from space 4608K, 99% used [0x00000000d7380000,0x00000000d77fc360,0x00000000d7800000)
  to   space 4608K, 0% used [0x00000000d9600000,0x00000000d9600000,0x00000000d9a80000)
 ParOldGen       total 80896K, used 131K [0x0000000080000000, 0x0000000084f00000, 0x00000000d5580000)
  object space 80896K, 0% used [0x0000000080000000,0x0000000080020cb8,0x0000000084f00000)
 Metaspace       used 7793K, capacity 8106K, committed 8320K, reserved 1056768K
  class space    used 945K, capacity 1041K, committed 1152K, reserved 1048576K
Event: 1.424 GC heap after
Heap after GC invocations=2 (full 0):
 PSYoungGen      total 34304K, used 3431K [0x00000000d5580000, 0x00000000d9980000, 0x0000000100000000)
  eden space 30720K, 0% used [0x00000000d5580000,0x00000000d5580000,0x00000000d7380000)
  from space 3584K, 95% used [0x00000000d9600000,0x00000000d9959e00,0x00000000d9980000)
  to   space 4608K, 0% used [0x00000000d9080000,0x00000000d9080000,0x00000000d9500000)
 ParOldGen       total 80896K, used 139K [0x0000000080000000, 0x0000000084f00000, 0x00000000d5580000)
  object space 80896K, 0% used [0x0000000080000000,0x0000000080022cb8,0x0000000084f00000)
 Metaspace       used 7793K, capacity 8106K, committed 8320K, reserved 1056768K
  class space    used 945K, capacity 1041K, committed 1152K, reserved 1048576K
}
Event: 1.748 GC heap before
{Heap before GC invocations=3 (full 0):
 PSYoungGen      total 34304K, used 34151K [0x00000000d5580000, 0x00000000d9980000, 0x0000000100000000)
  eden space 30720K, 100% used [0x00000000d5580000,0x00000000d7380000,0x00000000d7380000)
  from space 3584K, 95% used [0x00000000d9600000,0x00000000d9959e00,0x00000000d9980000)
  to   space 4608K, 0% used [0x00000000d9080000,0x00000000d9080000,0x00000000d9500000)
 ParOldGen       total 80896K, used 139K [0x0000000080000000, 0x0000000084f00000, 0x00000000d5580000)
  object space 80896K, 0% used [0x0000000080000000,0x0000000080022cb8,0x0000000084f00000)
 Metaspace       used 9980K, capacity 10314K, committed 10496K, reserved 1058816K
  class space    used 1324K, capacity 1417K, committed 1536K, reserved 1048576K
Event: 1.753 GC heap after
Heap after GC invocations=3 (full 0):
 PSYoungGen      total 65024K, used 4585K [0x00000000d5580000, 0x00000000d9a80000, 0x0000000100000000)
  eden space 60416K, 0% used [0x00000000d5580000,0x00000000d5580000,0x00000000d9080000)
  from space 4608K, 99% used [0x00000000d9080000,0x00000000d94fa630,0x00000000d9500000)
  to   space 4608K, 0% used [0x00000000d9600000,0x00000000d9600000,0x00000000d9a80000)
 ParOldGen       total 80896K, used 827K [0x0000000080000000, 0x0000000084f00000, 0x00000000d5580000)
  object space 80896K, 1% used [0x0000000080000000,0x00000000800ced58,0x0000000084f00000)
 Metaspace       used 9980K, capacity 10314K, committed 10496K, reserved 1058816K
  class space    used 1324K, capacity 1417K, committed 1536K, reserved 1048576K
}
Event: 3.099 GC heap before
{Heap before GC invocations=4 (full 0):
 PSYoungGen      total 65024K, used 65001K [0x00000000d5580000, 0x00000000d9a80000, 0x0000000100000000)
  eden space 60416K, 100% used [0x00000000d5580000,0x00000000d9080000,0x00000000d9080000)
  from space 4608K, 99% used [0x00000000d9080000,0x00000000d94fa630,0x00000000d9500000)
  to   space 4608K, 0% used [0x00000000d9600000,0x00000000d9600000,0x00000000d9a80000)
 ParOldGen       total 80896K, used 827K [0x0000000080000000, 0x0000000084f00000, 0x00000000d5580000)
  object space 80896K, 1% used [0x0000000080000000,0x00000000800ced58,0x0000000084f00000)
 Metaspace       used 16705K, capacity 17416K, committed 17664K, reserved 1064960K
  class space    used 2233K, capacity 2436K, committed 2560K, reserved 1048576K
Event: 3.112 GC heap after
Heap after GC invocations=4 (full 0):
 PSYoungGen      total 65024K, used 4601K [0x00000000d5580000, 0x00000000d9a80000, 0x0000000100000000)
  eden space 60416K, 0% used [0x00000000d5580000,0x00000000d5580000,0x00000000d9080000)
  from space 4608K, 99% used [0x00000000d9600000,0x00000000d9a7e640,0x00000000d9a80000)
  to   space 4608K, 0% used [0x00000000d9080000,0x00000000d9080000,0x00000000d9500000)
 ParOldGen       total 80896K, used 6094K [0x0000000080000000, 0x0000000084f00000, 0x00000000d5580000)
  object space 80896K, 7% used [0x0000000080000000,0x00000000805f3b00,0x0000000084f00000)
 Metaspace       used 16705K, capacity 17416K, committed 17664K, reserved 1064960K
  class space    used 2233K, capacity 2436K, committed 2560K, reserved 1048576K
}

